time="2024-02-22T20:03:31+03:00" level=info msg="create router" func="ElDocManager/internal/app.Run()" file="app.go:16"
time="2024-02-22T20:03:31+03:00" level=info msg="register login endpoint" func="ElDocManager/internal/app.Run()" file="app.go:20"
time="2024-02-22T20:03:31+03:00" level=info msg="register registration endpoint" func="ElDocManager/internal/app.Run()" file="app.go:22"
time="2024-02-22T20:07:05+03:00" level=info msg="create router" func="ElDocManager/internal/app.Run()" file="app.go:16"
time="2024-02-22T20:07:05+03:00" level=info msg="register login endpoint" func="ElDocManager/internal/app.Run()" file="app.go:20"
time="2024-02-22T20:07:05+03:00" level=info msg="register registration endpoint" func="ElDocManager/internal/app.Run()" file="app.go:22"
time="2024-02-22T20:07:23+03:00" level=info msg="create router" func="ElDocManager/internal/app.Run()" file="app.go:16"
time="2024-02-22T20:07:23+03:00" level=info msg="register login endpoint" func="ElDocManager/internal/app.Run()" file="app.go:20"
time="2024-02-22T20:07:23+03:00" level=info msg="register registration endpoint" func="ElDocManager/internal/app.Run()" file="app.go:22"
time="2024-02-22T20:10:46+03:00" level=info msg="create router" func="ElDocManager/internal/app.Run()" file="app.go:16"
time="2024-02-22T20:10:46+03:00" level=info msg="register login endpoint" func="ElDocManager/internal/app.Run()" file="app.go:20"
time="2024-02-22T20:10:46+03:00" level=info msg="register registration endpoint" func="ElDocManager/internal/app.Run()" file="app.go:22"
time="2024-02-22T20:11:37+03:00" level=info msg="login post action" func="ElDocManager/internal/transport.SignInHandler()" file="signInHandler.go:18"
time="2024-02-22T20:11:37+03:00" level=info msg="Succesfull authorization user: 123" func="ElDocManager/internal/transport.SignInHandler()" file="signInHandler.go:35"
time="2024-02-22T20:13:13+03:00" level=info msg="create router" func="ElDocManager/internal/app.Run()" file="app.go:16"
time="2024-02-22T20:13:13+03:00" level=info msg="register login endpoint" func="ElDocManager/internal/app.Run()" file="app.go:20"
time="2024-02-22T20:13:13+03:00" level=info msg="register registration endpoint" func="ElDocManager/internal/app.Run()" file="app.go:22"
time="2024-02-22T20:13:21+03:00" level=info msg="login post action" func="ElDocManager/internal/transport.SignInHandler()" file="signInHandler.go:18"
time="2024-02-22T20:13:21+03:00" level=info msg="Succesfull authorization user: 345" func="ElDocManager/internal/transport.SignInHandler()" file="signInHandler.go:35"
time="2024-02-22T20:15:48+03:00" level=info msg="create router" func="ElDocManager/internal/app.Run()" file="app.go:16"
time="2024-02-22T20:15:48+03:00" level=info msg="register login endpoint" func="ElDocManager/internal/app.Run()" file="app.go:20"
time="2024-02-22T20:15:48+03:00" level=info msg="register registration endpoint" func="ElDocManager/internal/app.Run()" file="app.go:22"
time="2024-02-22T20:15:55+03:00" level=info msg="login post action" func="ElDocManager/internal/transport.SignInHandler()" file="signInHandler.go:18"
time="2024-02-22T20:15:55+03:00" level=info msg="Succesfull authorization user: 67" func="ElDocManager/internal/transport.SignInHandler()" file="signInHandler.go:35"
time="2024-02-22T20:16:29+03:00" level=info msg="create router" func="ElDocManager/internal/app.Run()" file="app.go:16"
time="2024-02-22T20:16:29+03:00" level=info msg="register login endpoint" func="ElDocManager/internal/app.Run()" file="app.go:20"
time="2024-02-22T20:16:29+03:00" level=info msg="register registration endpoint" func="ElDocManager/internal/app.Run()" file="app.go:22"
time="2024-02-22T20:16:34+03:00" level=info msg="login post action" func="ElDocManager/internal/transport.SignInHandler()" file="signInHandler.go:18"
time="2024-02-22T20:16:34+03:00" level=info msg="Succesfull authorization user: 345" func="ElDocManager/internal/transport.SignInHandler()" file="signInHandler.go:35"
time="2024-02-22T20:17:55+03:00" level=info msg="create router" func="ElDocManager/internal/app.Run()" file="app.go:16"
time="2024-02-22T20:17:55+03:00" level=info msg="register login endpoint" func="ElDocManager/internal/app.Run()" file="app.go:20"
time="2024-02-22T20:17:55+03:00" level=info msg="register registration endpoint" func="ElDocManager/internal/app.Run()" file="app.go:22"
time="2024-02-22T20:17:58+03:00" level=info msg="login post action" func="ElDocManager/internal/transport.SignInHandler()" file="signInHandler.go:18"
time="2024-02-22T20:17:58+03:00" level=info msg="Succesfull authorization user: 2" func="ElDocManager/internal/transport.SignInHandler()" file="signInHandler.go:35"
time="2024-02-22T20:18:57+03:00" level=info msg="create router" func="ElDocManager/internal/app.Run()" file="app.go:16"
time="2024-02-22T20:18:57+03:00" level=info msg="register login endpoint" func="ElDocManager/internal/app.Run()" file="app.go:20"
time="2024-02-22T20:18:57+03:00" level=info msg="register registration endpoint" func="ElDocManager/internal/app.Run()" file="app.go:22"
time="2024-02-22T20:19:04+03:00" level=info msg="login post action" func="ElDocManager/internal/transport.SignInHandler()" file="signInHandler.go:18"
time="2024-02-22T20:19:04+03:00" level=info msg="Succesfull authorization user: 2" func="ElDocManager/internal/transport.SignInHandler()" file="signInHandler.go:35"
time="2024-02-22T20:19:09+03:00" level=info msg="login post action" func="ElDocManager/internal/transport.SignInHandler()" file="signInHandler.go:18"
time="2024-02-22T20:19:09+03:00" level=info msg="Succesfull authorization user: 2" func="ElDocManager/internal/transport.SignInHandler()" file="signInHandler.go:35"
time="2024-02-22T20:20:07+03:00" level=info msg="create router" func="ElDocManager/internal/app.Run()" file="app.go:16"
time="2024-02-22T20:20:07+03:00" level=info msg="register login endpoint" func="ElDocManager/internal/app.Run()" file="app.go:20"
time="2024-02-22T20:20:07+03:00" level=info msg="register registration endpoint" func="ElDocManager/internal/app.Run()" file="app.go:22"
time="2024-02-22T20:20:13+03:00" level=info msg="login post action" func="ElDocManager/internal/transport.SignInHandler()" file="signInHandler.go:18"
time="2024-02-22T20:20:13+03:00" level=info msg="Succesfull authorization user: 4" func="ElDocManager/internal/transport.SignInHandler()" file="signInHandler.go:35"
time="2024-02-22T20:20:24+03:00" level=info msg="create router" func="ElDocManager/internal/app.Run()" file="app.go:16"
time="2024-02-22T20:20:24+03:00" level=info msg="register login endpoint" func="ElDocManager/internal/app.Run()" file="app.go:20"
time="2024-02-22T20:20:24+03:00" level=info msg="register registration endpoint" func="ElDocManager/internal/app.Run()" file="app.go:22"
time="2024-02-22T20:20:25+03:00" level=info msg="login post action" func="ElDocManager/internal/transport.SignInHandler()" file="signInHandler.go:18"
time="2024-02-22T20:20:25+03:00" level=info msg="Succesfull authorization user: 4" func="ElDocManager/internal/transport.SignInHandler()" file="signInHandler.go:35"
time="2024-02-22T20:20:25+03:00" level=info msg="login post action" func="ElDocManager/internal/transport.SignInHandler()" file="signInHandler.go:18"
time="2024-02-22T20:20:25+03:00" level=info msg="Succesfull authorization user: 4" func="ElDocManager/internal/transport.SignInHandler()" file="signInHandler.go:35"
time="2024-02-22T20:21:03+03:00" level=info msg="create router" func="ElDocManager/internal/app.Run()" file="app.go:16"
time="2024-02-22T20:21:03+03:00" level=info msg="register login endpoint" func="ElDocManager/internal/app.Run()" file="app.go:20"
time="2024-02-22T20:21:03+03:00" level=info msg="register registration endpoint" func="ElDocManager/internal/app.Run()" file="app.go:22"
time="2024-02-22T20:21:06+03:00" level=info msg="login post action" func="ElDocManager/internal/transport.SignInHandler()" file="signInHandler.go:18"
time="2024-02-22T20:21:06+03:00" level=info msg="Succesfull authorization user: 4" func="ElDocManager/internal/transport.SignInHandler()" file="signInHandler.go:35"
time="2024-02-22T20:21:06+03:00" level=info msg="login post action" func="ElDocManager/internal/transport.SignInHandler()" file="signInHandler.go:18"
time="2024-02-22T20:21:06+03:00" level=info msg="Succesfull authorization user: 4" func="ElDocManager/internal/transport.SignInHandler()" file="signInHandler.go:35"
time="2024-02-22T20:21:06+03:00" level=info msg="login post action" func="ElDocManager/internal/transport.SignInHandler()" file="signInHandler.go:18"
time="2024-02-22T20:21:06+03:00" level=info msg="Succesfull authorization user: 4" func="ElDocManager/internal/transport.SignInHandler()" file="signInHandler.go:35"
time="2024-02-22T20:21:24+03:00" level=info msg="login post action" func="ElDocManager/internal/transport.SignInHandler()" file="signInHandler.go:18"
time="2024-02-22T20:21:24+03:00" level=info msg="Succesfull authorization user: 12" func="ElDocManager/internal/transport.SignInHandler()" file="signInHandler.go:35"
time="2024-02-22T20:22:18+03:00" level=info msg="create router" func="ElDocManager/internal/app.Run()" file="app.go:16"
time="2024-02-22T20:22:18+03:00" level=info msg="register login endpoint" func="ElDocManager/internal/app.Run()" file="app.go:20"
time="2024-02-22T20:22:18+03:00" level=info msg="register registration endpoint" func="ElDocManager/internal/app.Run()" file="app.go:22"
time="2024-02-22T20:22:24+03:00" level=info msg="login post action" func="ElDocManager/internal/transport.SignInHandler()" file="signInHandler.go:18"
time="2024-02-22T20:22:24+03:00" level=info msg="Succesfull authorization user: 1" func="ElDocManager/internal/transport.SignInHandler()" file="signInHandler.go:35"
time="2024-02-22T20:22:56+03:00" level=info msg="create router" func="ElDocManager/internal/app.Run()" file="app.go:16"
time="2024-02-22T20:22:56+03:00" level=info msg="register login endpoint" func="ElDocManager/internal/app.Run()" file="app.go:20"
time="2024-02-22T20:22:56+03:00" level=info msg="register registration endpoint" func="ElDocManager/internal/app.Run()" file="app.go:22"
time="2024-02-22T20:23:00+03:00" level=info msg="login post action" func="ElDocManager/internal/transport.SignInHandler()" file="signInHandler.go:18"
time="2024-02-22T20:23:00+03:00" level=info msg="Succesfull authorization user: 2" func="ElDocManager/internal/transport.SignInHandler()" file="signInHandler.go:35"
