time="2024-02-28T17:50:20+03:00" level=info msg="read application instance" func="ElDocManager/internal/config.GetConfig.func1()" file="config.go:45"
time="2024-02-28T17:59:12+03:00" level=info msg="read application instance" func="ElDocManager/internal/config.GetConfig.func1()" file="config.go:45"
time="2024-02-28T18:03:23+03:00" level=info msg="read application instance" func="ElDocManager/internal/config.GetConfig.func1()" file="config.go:45"
time="2024-02-28T18:03:32+03:00" level=info msg="read application instance" func="ElDocManager/internal/config.GetConfig.func1()" file="config.go:45"
time="2024-02-28T18:03:46+03:00" level=info msg="read application instance" func="ElDocManager/internal/config.GetConfig.func1()" file="config.go:45"
time="2024-02-28T18:04:44+03:00" level=info msg="read application instance" func="ElDocManager/internal/config.GetConfig.func1()" file="config.go:45"
time="2024-02-28T18:17:00+03:00" level=info msg="read application instance" func="ElDocManager/internal/config.GetConfig.func1()" file="config.go:45"
time="2024-02-28T18:19:38+03:00" level=info msg="read application instance" func="ElDocManager/internal/config.GetConfig.func1()" file="config.go:45"
time="2024-02-28T18:20:03+03:00" level=info msg="SQL SELECT Users" func="ElDocManager/internal/user/db.(*repository).FindAll()" file="postgreSQL.go:39"
time="2024-02-28T18:22:16+03:00" level=info msg="read application instance" func="ElDocManager/internal/config.GetConfig.func1()" file="config.go:44"
time="2024-02-28T18:23:06+03:00" level=info msg="read application instance" func="ElDocManager/internal/config.GetConfig.func1()" file="config.go:44"
time="2024-02-28T18:23:31+03:00" level=info msg="SQL SELECT Users" func="ElDocManager/internal/user/db.(*repository).FindAll()" file="postgreSQL.go:39"
time="2024-02-28T18:25:14+03:00" level=info msg=start func="ElDocManager/internal/app.Run()" file="app.go:20"
time="2024-02-28T18:25:14+03:00" level=info msg="read application instance" func="ElDocManager/internal/config.GetConfig.func1()" file="config.go:44"
time="2024-02-28T18:25:39+03:00" level=info msg="SQL SELECT Users" func="ElDocManager/internal/user/db.(*repository).FindAll()" file="postgreSQL.go:39"
time="2024-02-28T18:26:42+03:00" level=info msg="read application instance" func="ElDocManager/internal/config.GetConfig.func1()" file="config.go:44"
time="2024-02-28T18:26:42+03:00" level=info msg="try to connect to PostgreSQL" func="ElDocManager/internal/app.Run()" file="app.go:23"
time="2024-02-28T18:27:07+03:00" level=info msg="Init repos" func="ElDocManager/internal/app.Run()" file="app.go:28"
time="2024-02-28T18:27:07+03:00" level=info msg="SQL SELECT Users" func="ElDocManager/internal/user/db.(*repository).FindAll()" file="postgreSQL.go:39"
time="2024-02-28T18:50:23+03:00" level=info msg="read application instance" func="ElDocManager/internal/config.GetConfig.func1()" file="config.go:44"
time="2024-02-28T18:50:23+03:00" level=info msg="try to connect to PostgreSQL" func="ElDocManager/internal/app.Run()" file="app.go:23"
time="2024-02-28T18:50:48+03:00" level=info msg="Init repos" func="ElDocManager/internal/app.Run()" file="app.go:28"
time="2024-02-28T18:50:48+03:00" level=info msg="SQL SELECT Users" func="ElDocManager/internal/user/db.(*repository).FindAll()" file="postgreSQL.go:39"
time="2024-02-28T19:00:36+03:00" level=info msg="read application instance" func="ElDocManager/internal/config.GetConfig.func1()" file="config.go:44"
time="2024-02-28T19:00:36+03:00" level=info msg="try to connect to PostgreSQL" func="ElDocManager/internal/app.Run()" file="app.go:23"
time="2024-02-28T19:01:01+03:00" level=info msg="Init repos" func="ElDocManager/internal/app.Run()" file="app.go:28"
time="2024-02-28T19:01:19+03:00" level=info msg="read application instance" func="ElDocManager/internal/config.GetConfig.func1()" file="config.go:44"
time="2024-02-28T19:01:19+03:00" level=info msg="try to connect to PostgreSQL" func="ElDocManager/internal/app.Run()" file="app.go:23"
time="2024-02-28T19:01:56+03:00" level=info msg="read application instance" func="ElDocManager/internal/config.GetConfig.func1()" file="config.go:44"
time="2024-02-28T19:01:56+03:00" level=info msg="try to connect to PostgreSQL" func="ElDocManager/internal/app.Run()" file="app.go:23"
time="2024-02-28T19:02:14+03:00" level=info msg="read application instance" func="ElDocManager/internal/config.GetConfig.func1()" file="config.go:44"
time="2024-02-28T19:02:38+03:00" level=info msg="read application instance" func="ElDocManager/internal/config.GetConfig.func1()" file="config.go:44"
time="2024-02-28T19:14:59+03:00" level=info msg="read application instance" func="ElDocManager/internal/config.GetConfig.func1()" file="config.go:44"
time="2024-02-28T19:15:01+03:00" level=fatal msg="open ../configs/config1.yaml: no such file or directory" func="ElDocManager/internal/config.GetConfig.func1()" file="config.go:48"
time="2024-02-28T19:17:11+03:00" level=info msg="read application instance" func="ElDocManager/internal/config.GetConfig.func1()" file="config.go:44"
time="2024-02-28T19:17:19+03:00" level=info msg="try to connect to PostgreSQL" func="ElDocManager/internal/app.Run()" file="app.go:23"
time="2024-02-28T19:17:29+03:00" level=info msg="read application instance" func="ElDocManager/internal/config.GetConfig.func1()" file="config.go:44"
time="2024-02-28T19:30:04+03:00" level=info msg="read application instance" func="ElDocManager/internal/config.GetConfig.func1()" file="config.go:44"
time="2024-02-28T19:30:04+03:00" level=info msg="try to connect to PostgreSQL" func="ElDocManager/internal/app.Run()" file="app.go:23"
time="2024-02-28T19:30:17+03:00" level=info msg="read application instance" func="ElDocManager/internal/config.GetConfig.func1()" file="config.go:44"
time="2024-02-28T19:31:12+03:00" level=info msg="read application instance" func="ElDocManager/internal/config.GetConfig.func1()" file="config.go:44"
time="2024-02-29T14:20:14+03:00" level=info msg="read application instance" func="ElDocManager/internal/config.GetConfig.func1()" file="config.go:44"
time="2024-02-29T14:21:07+03:00" level=info msg="read application instance" func="ElDocManager/internal/config.GetConfig.func1()" file="config.go:44"
time="2024-02-29T14:21:35+03:00" level=info msg="read application instance" func="ElDocManager/internal/config.GetConfig.func1()" file="config.go:44"
time="2024-02-29T14:28:18+03:00" level=info msg="read application instance" func="ElDocManager/internal/config.GetConfig.func1()" file="config.go:44"
time="2024-02-29T14:28:37+03:00" level=fatal msg="3 error(s) decoding:\n\n* 'cors_settings' expected a map, got 'slice'\n* 'listen_backend' expected a map, got 'slice'\n* 'postgre_settings' expected a map, got 'slice'" func="ElDocManager/internal/config.GetConfig.func1()" file="config.go:51"
time="2024-02-29T14:29:21+03:00" level=info msg="read application instance" func="ElDocManager/internal/config.GetConfig.func1()" file="config.go:44"
time="2024-02-29T14:30:28+03:00" level=info msg="read application instance" func="ElDocManager/internal/config.GetConfig.func1()" file="config.go:44"
time="2024-02-29T14:37:57+03:00" level=info msg="read application instance" func="ElDocManager/internal/config.GetConfig.func1()" file="config.go:44"
time="2024-02-29T14:38:08+03:00" level=fatal msg="12 error(s) decoding:\n\n* 'cors_settings[0][allowed_headers]' expected a map, got 'slice'\n* 'cors_settings[0][allowed_methods]' expected a map, got 'slice'\n* 'cors_settings[0][allowed_origins]' expected a map, got 'slice'\n* 'cors_settings[0][exposed_headers]' expected a map, got 'slice'\n* 'listen_backend[0][bind_ip]' expected a map, got 'string'\n* 'listen_backend[0][port]' expected a map, got 'int'\n* 'listen_backend[0][type]' expected a map, got 'string'\n* 'postgre_settings[0][database]' expected a map, got 'string'\n* 'postgre_settings[0][host]' expected a map, got 'string'\n* 'postgre_settings[0][password]' expected a map, got 'int'\n* 'postgre_settings[0][port]' expected a map, got 'int'\n* 'postgre_settings[0][username]' expected a map, got 'string'" func="ElDocManager/internal/config.GetConfig.func1()" file="config.go:55"
time="2024-02-29T14:43:38+03:00" level=info msg="read application instance" func="ElDocManager/internal/config.GetConfig.func1()" file="config.go:44"
time="2024-02-29T14:44:02+03:00" level=info msg="read application instance" func="ElDocManager/internal/config.GetConfig.func1()" file="config.go:44"
time="2024-02-29T14:44:52+03:00" level=info msg="read application instance" func="ElDocManager/internal/config.GetConfig.func1()" file="config.go:44"
time="2024-02-29T14:45:24+03:00" level=info msg="read application instance" func="ElDocManager/internal/config.GetConfig.func1()" file="config.go:44"
time="2024-02-29T14:46:30+03:00" level=info msg="read application instance" func="ElDocManager/internal/config.GetConfig.func1()" file="config.go:44"
time="2024-02-29T14:47:16+03:00" level=info msg="read application instance" func="ElDocManager/internal/config.GetConfig.func1()" file="config.go:44"
time="2024-02-29T14:47:50+03:00" level=info msg="read application instance" func="ElDocManager/internal/config.GetConfig.func1()" file="config.go:44"
time="2024-02-29T14:48:15+03:00" level=info msg="read application instance" func="ElDocManager/internal/config.GetConfig.func1()" file="config.go:44"
time="2024-02-29T14:48:15+03:00" level=info msg="try to connect to PostgreSQL" func="ElDocManager/internal/app.Run()" file="app.go:23"
time="2024-02-29T14:48:40+03:00" level=info msg="Init repos" func="ElDocManager/internal/app.Run()" file="app.go:28"
time="2024-02-29T14:48:40+03:00" level=info msg="SQL SELECT Users" func="ElDocManager/internal/user/db.(*repository).FindAll()" file="postgreSQL.go:39"
time="2024-02-29T14:49:02+03:00" level=info msg="read application instance" func="ElDocManager/internal/config.GetConfig.func1()" file="config.go:44"
time="2024-02-29T14:49:04+03:00" level=info msg="try to connect to PostgreSQL" func="ElDocManager/internal/app.Run()" file="app.go:23"
time="2024-02-29T14:55:12+03:00" level=info msg="read application instance" func="ElDocManager/internal/config.GetConfig.func1()" file="config.go:44"
time="2024-02-29T14:55:15+03:00" level=info msg="try to connect to PostgreSQL" func="ElDocManager/internal/app.Run()" file="app.go:23"
time="2024-02-29T14:55:18+03:00" level=info msg="Init repos" func="ElDocManager/internal/app.Run()" file="app.go:28"
time="2024-02-29T14:55:18+03:00" level=info msg="SQL SELECT Users" func="ElDocManager/internal/user/db.(*repository).FindAll()" file="postgreSQL.go:39"
time="2024-02-29T14:55:18+03:00" level=error msg="SQL error: ОШИБКА: столбец \"is_confirmed\" не существует (SQLSTATE 42703)" func="ElDocManager/internal/user/db.(*repository).FindAll()" file="postgreSQL.go:46"
time="2024-02-29T14:55:18+03:00" level=info msg="create router" func="ElDocManager/internal/app.Run()" file="app.go:33"
time="2024-02-29T14:55:18+03:00" level=info msg="regiser services" func="ElDocManager/internal/app.Run()" file="app.go:36"
time="2024-02-29T14:55:18+03:00" level=info msg="register handlers" func="ElDocManager/internal/app.Run()" file="app.go:39"
time="2024-02-29T14:55:18+03:00" level=info msg="listen tcp" func="ElDocManager/internal/app.Run()" file="app.go:45"
time="2024-02-29T19:34:58+03:00" level=info msg="read application instance" func="ElDocManager/internal/config.GetConfig.func1()" file="config.go:44"
time="2024-02-29T19:34:58+03:00" level=info msg="try to connect to PostgreSQL" func="ElDocManager/internal/app.Run()" file="app.go:23"
time="2024-02-29T19:34:58+03:00" level=info msg="Init repos" func="ElDocManager/internal/app.Run()" file="app.go:30"
time="2024-02-29T19:34:58+03:00" level=info msg="create router" func="ElDocManager/internal/app.Run()" file="app.go:33"
time="2024-02-29T19:34:58+03:00" level=info msg="regiser services" func="ElDocManager/internal/app.Run()" file="app.go:36"
time="2024-02-29T19:34:58+03:00" level=info msg="register handlers" func="ElDocManager/internal/app.Run()" file="app.go:39"
time="2024-02-29T19:34:58+03:00" level=info msg="listen tcp" func="ElDocManager/internal/app.Run()" file="app.go:45"
time="2024-02-29T19:39:02+03:00" level=info msg="read application instance" func="ElDocManager/internal/config.GetConfig.func1()" file="config.go:44"
time="2024-02-29T19:39:02+03:00" level=info msg="try to connect to PostgreSQL" func="ElDocManager/internal/app.Run()" file="app.go:23"
time="2024-02-29T19:39:02+03:00" level=info msg="Init repos" func="ElDocManager/internal/app.Run()" file="app.go:29"
time="2024-02-29T19:39:02+03:00" level=info msg="create router" func="ElDocManager/internal/app.Run()" file="app.go:32"
time="2024-02-29T19:39:02+03:00" level=info msg="regiser services" func="ElDocManager/internal/app.Run()" file="app.go:35"
time="2024-02-29T19:39:02+03:00" level=info msg="register handlers" func="ElDocManager/internal/app.Run()" file="app.go:38"
time="2024-02-29T19:39:02+03:00" level=info msg="listen tcp" func="ElDocManager/internal/app.Run()" file="app.go:44"
time="2024-02-29T19:40:20+03:00" level=info msg="read application instance" func="ElDocManager/internal/config.GetConfig.func1()" file="config.go:44"
time="2024-02-29T19:40:20+03:00" level=info msg="try to connect to PostgreSQL" func="ElDocManager/internal/app.Run()" file="app.go:23"
time="2024-02-29T19:40:20+03:00" level=info msg="Init repos" func="ElDocManager/internal/app.Run()" file="app.go:30"
time="2024-02-29T19:40:20+03:00" level=info msg="create router" func="ElDocManager/internal/app.Run()" file="app.go:33"
time="2024-02-29T19:40:20+03:00" level=info msg="regiser services" func="ElDocManager/internal/app.Run()" file="app.go:36"
time="2024-02-29T19:40:20+03:00" level=info msg="register handlers" func="ElDocManager/internal/app.Run()" file="app.go:39"
time="2024-02-29T19:40:20+03:00" level=info msg="listen tcp" func="ElDocManager/internal/app.Run()" file="app.go:45"
time="2024-02-29T23:26:54+03:00" level=info msg="read application instance" func="ElDocManager/internal/config.GetConfig.func1()" file="config.go:45"
time="2024-02-29T23:26:54+03:00" level=fatal msg="open ../configs/.secret_config.yaml: no such file or directory" func="ElDocManager/internal/config.GetConfig.func1()" file="config.go:50"
time="2024-02-29T23:27:34+03:00" level=info msg="read application instance" func="ElDocManager/internal/config.GetConfig.func1()" file="config.go:45"
time="2024-02-29T23:27:34+03:00" level=fatal msg="open ../configs/secret_config.yaml: no such file or directory" func="ElDocManager/internal/config.GetConfig.func1()" file="config.go:50"
time="2024-02-29T23:27:39+03:00" level=info msg="read application instance" func="ElDocManager/internal/config.GetConfig.func1()" file="config.go:45"
time="2024-02-29T23:27:39+03:00" level=fatal msg="open ../configs/secret_config.yaml: no such file or directory" func="ElDocManager/internal/config.GetConfig.func1()" file="config.go:50"
time="2024-02-29T23:28:05+03:00" level=info msg="read application instance" func="ElDocManager/internal/config.GetConfig.func1()" file="config.go:45"
time="2024-02-29T23:28:05+03:00" level=info msg="try to connect to PostgreSQL" func="ElDocManager/internal/app.Run()" file="app.go:23"
time="2024-02-29T23:28:16+03:00" level=info msg="read application instance" func="ElDocManager/internal/config.GetConfig.func1()" file="config.go:45"
time="2024-02-29T23:28:35+03:00" level=info msg="read application instance" func="ElDocManager/internal/config.GetConfig.func1()" file="config.go:45"
time="2024-02-29T23:30:29+03:00" level=info msg="read application instance" func="ElDocManager/internal/config.GetConfig.func1()" file="config.go:45"
time="2024-02-29T23:30:52+03:00" level=info msg="read application instance" func="ElDocManager/internal/config.GetConfig.func1()" file="config.go:45"
time="2024-02-29T23:30:52+03:00" level=info msg="try to connect to PostgreSQL" func="ElDocManager/internal/app.Run()" file="app.go:23"
time="2024-02-29T23:30:52+03:00" level=info msg="Init repos" func="ElDocManager/internal/app.Run()" file="app.go:30"
time="2024-02-29T23:30:52+03:00" level=info msg="create router" func="ElDocManager/internal/app.Run()" file="app.go:33"
time="2024-02-29T23:30:52+03:00" level=info msg="regiser services" func="ElDocManager/internal/app.Run()" file="app.go:36"
time="2024-02-29T23:30:52+03:00" level=info msg="register handlers" func="ElDocManager/internal/app.Run()" file="app.go:39"
time="2024-02-29T23:30:52+03:00" level=info msg="listen tcp" func="ElDocManager/internal/app.Run()" file="app.go:45"
time="2024-03-02T15:03:05+03:00" level=info msg="read application instance" func="ElDocManager/internal/config.GetConfig.func1()" file="config.go:45"
time="2024-03-02T15:03:05+03:00" level=info msg="try to connect to PostgreSQL" func="ElDocManager/internal/app.Run()" file="app.go:23"
time="2024-03-02T15:03:05+03:00" level=info msg="Init repos" func="ElDocManager/internal/app.Run()" file="app.go:30"
time="2024-03-02T15:03:05+03:00" level=info msg="create router" func="ElDocManager/internal/app.Run()" file="app.go:33"
time="2024-03-02T15:03:05+03:00" level=info msg="regiser services" func="ElDocManager/internal/app.Run()" file="app.go:36"
time="2024-03-02T15:03:05+03:00" level=info msg="register handlers" func="ElDocManager/internal/app.Run()" file="app.go:39"
time="2024-03-02T15:03:05+03:00" level=info msg="listen tcp" func="ElDocManager/internal/app.Run()" file="app.go:45"
